2024-10-05 15:41:47 - 0.1, 0.1, 0.1, 21.8, 21.8, 1.1224972160321824, [23, 22, 23, 22, 20, 22, 22, 22, 23, 21, 22, 23, 20, 23, 21, 21, 21, 24, 21, 20]
2024-10-05 15:42:22 - 0.1, 0.1, 0.41666666666666663, 27.45, 27.45, 3.653423052426313, [27, 34, 26, 24, 28, 24, 25, 32, 33, 28, 28, 22, 29, 27, 33, 32, 25, 25, 21, 26]
2024-10-05 15:42:56 - 0.1, 0.1, 0.7333333333333333, 31.6, 31.6, 3.3075670817082456, [30, 36, 28, 30, 33, 31, 36, 34, 34, 28, 27, 35, 35, 37, 29, 33, 31, 27, 26, 32]
2024-10-05 15:43:32 - 0.1, 0.1, 1.05, 29.57894736842105, 30.05, 4.352872614722374, [29, 25, 38, 28, 29, 28, 32, 25, 24, 24, 34, 32, 37, 29, 39, 27, 27, 30, 31, 33]
2024-10-05 15:44:09 - 0.1, 0.1, 1.3666666666666667, 32.95, 32.95, 3.6397115270306797, [33, 33, 31, 28, 27, 31, 32, 29, 40, 34, 34, 38, 34, 29, 32, 37, 32, 29, 37, 39]
2024-10-05 15:44:45 - 0.1, 0.1, 1.6833333333333333, 32.3, 32.3, 5.21632054229799, [30, 36, 35, 26, 41, 42, 32, 25, 37, 22, 33, 34, 30, 29, 30, 34, 25, 33, 39, 33]
2024-10-05 15:45:22 - 0.1, 0.1, 2.0, 34.421052631578945, 33.7, 5.000999900019995, [38, 42, 32, 26, 36, 28, 37, 38, 32, 35, 33, 36, 30, 34, 30, 33, 38, 39, 37, 20]
2024-10-05 15:45:58 - 0.1, 0.41666666666666663, 0.1, 24.842105263157894, 25.15, 2.725344014982329, [22, 23, 22, 23, 29, 25, 26, 26, 27, 25, 30, 27, 22, 22, 31, 23, 24, 23, 25, 28]
2024-10-05 15:46:38 - 0.1, 0.41666666666666663, 0.41666666666666663, 31.736842105263158, 32.2, 4.007492981902776, [32, 28, 28, 32, 33, 37, 38, 27, 29, 37, 37, 31, 34, 32, 29, 41, 28, 30, 34, 27]
2024-10-05 15:47:17 - 0.1, 0.41666666666666663, 0.7333333333333333, 32.0, 33.05, 4.1288618286399466, [34, 30, 43, 29, 32, 27, 42, 32, 31, 32, 37, 30, 35, 28, 34, 32, 32, 36, 29, 36]
2024-10-05 15:47:55 - 0.1, 0.41666666666666663, 1.05, 34.89473684210526, 35.5, 4.55521678957215, [35, 47, 35, 29, 33, 35, 39, 39, 37, 31, 29, 33, 39, 34, 36, 32, 39, 36, 29, 43]
2024-10-05 15:48:32 - 0.1, 0.41666666666666663, 1.3666666666666667, 36.473684210526315, 36.95, 4.409931972264425, [41, 31, 34, 36, 39, 38, 37, 40, 34, 45, 29, 34, 31, 35, 42, 37, 39, 46, 33, 38]
2024-10-05 15:49:08 - 0.1, 0.41666666666666663, 1.6833333333333333, 37.3, 37.3, 3.1953090617340916, [40, 39, 41, 39, 33, 35, 37, 41, 39, 31, 35, 41, 40, 39, 34, 34, 33, 42, 35, 38]
2024-10-05 15:49:46 - 0.1, 0.41666666666666663, 2.0, 35.26315789473684, 34.7, 4.279018579066934, [37, 31, 36, 24, 38, 36, 30, 33, 37, 29, 33, 34, 43, 34, 38, 34, 35, 32, 42, 38]
2024-10-05 15:50:21 - 0.1, 0.7333333333333333, 0.1, 28.68421052631579, 29.1, 3.3, [29, 25, 28, 27, 29, 35, 26, 31, 27, 27, 24, 26, 29, 33, 29, 29, 28, 37, 34, 29]
2024-10-05 15:50:57 - 0.1, 0.7333333333333333, 0.41666666666666663, 31.894736842105264, 32.35, 3.320767983464066, [41, 34, 30, 30, 35, 36, 27, 34, 37, 33, 32, 27, 29, 34, 31, 30, 33, 31, 33, 30]
2024-10-05 15:51:32 - 0.1, 0.7333333333333333, 0.7333333333333333, 32.421052631578945, 33.0, 4.183300132670378, [30, 44, 39, 35, 30, 39, 35, 31, 38, 29, 30, 31, 28, 31, 31, 28, 34, 30, 35, 32]
2024-10-05 15:52:09 - 0.1, 0.7333333333333333, 1.05, 34.421052631578945, 34.95, 4.6419284785528525, [32, 34, 45, 36, 32, 32, 32, 30, 42, 30, 41, 30, 36, 32, 38, 32, 39, 37, 41, 28]
2024-10-05 15:52:52 - 0.1, 0.7333333333333333, 1.3666666666666667, 36.21052631578947, 36.9, 5.708765190476833, [35, 28, 39, 46, 32, 30, 42, 32, 43, 42, 40, 35, 35, 50, 35, 28, 34, 39, 34, 39]
2024-10-05 15:53:36 - 0.1, 0.7333333333333333, 1.6833333333333333, 36.55, 36.55, 4.318275118609281, [31, 41, 40, 35, 28, 45, 38, 35, 40, 38, 34, 35, 33, 33, 37, 44, 32, 33, 41, 38]
2024-10-05 15:54:24 - 0.1, 0.7333333333333333, 2.0, 35.63157894736842, 36.3, 5.840376700179536, [28, 29, 35, 46, 32, 36, 28, 40, 41, 44, 40, 36, 27, 38, 38, 49, 33, 35, 35, 36]
2024-10-05 15:55:13 - 0.1, 1.05, 0.1, 29.6, 29.6, 3.5128336140500593, [31, 30, 28, 28, 28, 27, 32, 30, 28, 25, 27, 34, 28, 35, 29, 23, 34, 25, 35, 35]
2024-10-05 15:56:03 - 0.1, 1.05, 0.41666666666666663, 32.21052631578947, 31.7, 3.950949253027682, [28, 28, 33, 31, 35, 37, 35, 28, 30, 33, 37, 34, 35, 26, 38, 31, 32, 30, 31, 22]
2024-10-05 15:56:47 - 0.1, 1.05, 0.7333333333333333, 34.21052631578947, 34.8, 4.707440918375928, [32, 31, 31, 36, 31, 34, 38, 28, 33, 34, 34, 39, 33, 36, 31, 43, 36, 46, 42, 28]
2024-10-05 15:57:32 - 0.1, 1.05, 1.05, 34.5, 34.5, 4.272001872658765, [43, 38, 31, 27, 35, 34, 39, 35, 41, 33, 37, 33, 42, 29, 31, 29, 34, 34, 33, 32]
2024-10-05 15:58:14 - 0.1, 1.05, 1.3666666666666667, 36.35, 36.35, 4.671991010265324, [37, 34, 37, 32, 44, 33, 44, 29, 38, 31, 33, 42, 38, 36, 38, 31, 43, 29, 41, 37]
2024-10-05 15:58:59 - 0.1, 1.05, 1.6833333333333333, 38.31578947368421, 38.95, 5.869199263954155, [31, 43, 46, 36, 36, 34, 44, 33, 51, 44, 43, 38, 43, 32, 36, 38, 32, 31, 48, 40]
2024-10-05 15:59:37 - 0.1, 1.05, 2.0, 35.78947368421053, 36.5, 5.389805191284746, [33, 29, 36, 50, 37, 43, 39, 35, 34, 44, 33, 30, 43, 32, 34, 28, 37, 41, 36, 36]
2024-10-05 16:00:14 - 0.1, 1.3666666666666667, 0.1, 32.05263157894737, 32.4, 2.8879058156387303, [30, 37, 32, 29, 36, 39, 29, 27, 33, 30, 36, 34, 32, 30, 32, 32, 34, 32, 32, 32]
2024-10-05 16:00:54 - 0.1, 1.3666666666666667, 0.41666666666666663, 33.8421052631579, 33.45, 3.707762128292483, [39, 35, 32, 26, 36, 34, 33, 27, 28, 35, 33, 35, 30, 40, 31, 31, 38, 36, 34, 36]
2024-10-05 16:01:32 - 0.1, 1.3666666666666667, 0.7333333333333333, 37.0, 36.45, 5.162121656838397, [31, 41, 26, 38, 34, 37, 34, 35, 44, 38, 32, 38, 35, 45, 40, 45, 31, 28, 40, 37]
2024-10-05 16:02:08 - 0.1, 1.3666666666666667, 1.05, 34.36842105263158, 35.3, 6.30158710167526, [27, 40, 36, 35, 37, 40, 34, 38, 40, 34, 35, 28, 43, 35, 26, 27, 38, 30, 30, 53]
2024-10-05 16:02:45 - 0.1, 1.3666666666666667, 1.3666666666666667, 36.05263157894737, 36.8, 5.988321968631947, [42, 35, 41, 51, 38, 39, 35, 34, 42, 37, 30, 36, 41, 28, 38, 29, 44, 25, 39, 32]
2024-10-05 16:03:24 - 0.1, 1.3666666666666667, 1.6833333333333333, 35.0, 35.5, 3.9937451095431715, [38, 33, 39, 32, 30, 35, 30, 31, 38, 30, 38, 37, 38, 45, 32, 34, 41, 39, 36, 34]
2024-10-05 16:04:00 - 0.1, 1.3666666666666667, 2.0, 37.473684210526315, 38.2, 5.095095681142799, [40, 30, 36, 35, 45, 37, 39, 44, 32, 31, 40, 36, 42, 35, 40, 33, 40, 52, 40, 37]
2024-10-05 16:04:33 - 0.1, 1.6833333333333333, 0.1, 32.0, 32.4, 3.59722114972099, [40, 30, 31, 38, 32, 33, 33, 30, 27, 34, 29, 26, 33, 36, 29, 31, 35, 38, 33, 30]
2024-10-05 16:05:08 - 0.1, 1.6833333333333333, 0.41666666666666663, 32.421052631578945, 32.8, 3.10805405358401, [28, 32, 33, 31, 33, 33, 40, 33, 29, 31, 39, 33, 33, 29, 33, 29, 36, 32, 37, 32]
2024-10-05 16:05:44 - 0.1, 1.6833333333333333, 0.7333333333333333, 35.73684210526316, 35.3, 3.9761790704142084, [36, 33, 33, 35, 31, 40, 34, 27, 29, 43, 36, 33, 33, 36, 39, 34, 34, 40, 40, 40]
2024-10-05 16:06:19 - 0.1, 1.6833333333333333, 1.05, 36.21052631578947, 35.75, 3.9226904032819108, [33, 32, 38, 36, 36, 37, 31, 42, 39, 27, 38, 39, 35, 41, 32, 34, 31, 38, 42, 34]
2024-10-05 16:06:55 - 0.1, 1.6833333333333333, 1.3666666666666667, 35.421052631578945, 36.0, 4.560701700396552, [34, 29, 36, 47, 38, 29, 32, 43, 34, 41, 39, 37, 35, 39, 32, 31, 37, 31, 38, 38]
2024-10-05 16:07:30 - 0.1, 1.6833333333333333, 1.6833333333333333, 35.388888888888886, 37.3, 6.914477565225011, [41, 34, 33, 41, 38, 41, 54, 34, 42, 37, 55, 36, 31, 37, 35, 32, 36, 28, 29, 32]
2024-10-05 16:08:06 - 0.1, 1.6833333333333333, 2.0, 37.78947368421053, 37.15, 4.962610200287747, [43, 32, 38, 33, 39, 38, 34, 44, 40, 41, 25, 42, 39, 37, 34, 44, 33, 41, 29, 37]
2024-10-05 16:08:39 - 0.1, 2.0, 0.1, 31.526315789473685, 32.0, 4.147288270665544, [33, 35, 30, 32, 38, 31, 34, 30, 28, 32, 28, 32, 29, 31, 41, 28, 40, 24, 35, 29]
2024-10-05 16:09:14 - 0.1, 2.0, 0.41666666666666663, 30.210526315789473, 30.65, 3.511053972812153, [27, 32, 31, 30, 28, 36, 31, 39, 35, 31, 33, 28, 33, 31, 28, 34, 27, 26, 26, 27]
2024-10-05 16:09:49 - 0.1, 2.0, 0.7333333333333333, 33.6, 33.6, 6.053098380168622, [36, 23, 34, 39, 38, 35, 43, 33, 27, 29, 45, 22, 28, 37, 30, 29, 37, 41, 32, 34]
2024-10-05 16:10:24 - 0.1, 2.0, 1.05, 34.2, 34.2, 4.354308211415448, [39, 34, 32, 41, 37, 42, 28, 34, 32, 32, 40, 37, 36, 31, 35, 30, 28, 33, 37, 26]
2024-10-05 16:10:59 - 0.1, 2.0, 1.3666666666666667, 35.78947368421053, 36.55, 5.894701010229442, [27, 41, 40, 47, 32, 36, 39, 37, 51, 32, 34, 42, 35, 32, 31, 36, 38, 32, 28, 41]
2024-10-05 16:11:35 - 0.1, 2.0, 1.6833333333333333, 34.36842105263158, 34.75, 3.433292880020579, [33, 39, 42, 37, 34, 30, 31, 37, 32, 35, 38, 37, 32, 36, 38, 28, 34, 32, 32, 38]
2024-10-05 16:12:11 - 0.1, 2.0, 2.0, 39.2, 39.2, 6.04648658313239, [35, 39, 40, 32, 37, 38, 48, 50, 42, 43, 40, 29, 35, 30, 36, 45, 30, 46, 45, 44]
2024-10-05 16:12:35 - 0.41666666666666663, 0.1, 0.1, 44.44444444444444, 44.5, 5.06458290484024, [56, 40, 37, 49, 39, 47, 44, 34, 49, 35, 45, 47, 46, 47, 46, 46, 46, 45, 46, 46]
2024-10-05 16:13:02 - 0.41666666666666663, 0.1, 0.41666666666666663, 20.85, 20.85, 0.7921489758877429, [21, 21, 22, 21, 22, 22, 22, 20, 21, 20, 20, 22, 20, 21, 21, 20, 20, 20, 20, 21]
2024-10-05 16:13:34 - 0.41666666666666663, 0.1, 0.7333333333333333, 21.3, 21.3, 1.452583904633395, [20, 20, 20, 22, 22, 22, 22, 20, 21, 20, 20, 21, 24, 20, 21, 20, 24, 24, 23, 20]
2024-10-05 16:14:08 - 0.41666666666666663, 0.1, 1.05, 22.105263157894736, 22.3, 1.6155494421403513, [23, 22, 21, 21, 21, 24, 21, 20, 23, 22, 21, 21, 22, 21, 23, 25, 25, 23, 26, 21]
2024-10-05 16:14:43 - 0.41666666666666663, 0.1, 1.3666666666666667, 24.05, 24.05, 2.5391927851189244, [28, 21, 24, 24, 27, 28, 22, 21, 21, 26, 23, 27, 23, 21, 25, 23, 29, 23, 23, 22]
2024-10-05 16:15:17 - 0.41666666666666663, 0.1, 1.6833333333333333, 24.3, 24.3, 1.76351920885484, [27, 25, 27, 21, 26, 23, 26, 24, 27, 23, 25, 25, 25, 23, 24, 21, 24, 24, 22, 24]
2024-10-05 16:15:53 - 0.41666666666666663, 0.1, 2.0, 24.105263157894736, 24.4, 2.3748684174075834, [27, 25, 25, 26, 24, 21, 23, 21, 26, 21, 23, 23, 25, 30, 27, 26, 27, 22, 24, 22]
2024-10-05 16:16:19 - 0.41666666666666663, 0.41666666666666663, 0.1, 21.333333333333332, 21.7, 1.4866068747318506, [25, 21, 21, 20, 21, 22, 21, 25, 23, 21, 23, 20, 20, 21, 20, 21, 21, 23, 22, 23]
2024-10-05 16:16:48 - 0.41666666666666663, 0.41666666666666663, 0.41666666666666663, 22.65, 22.65, 1.7109938632268673, [24, 21, 25, 22, 23, 23, 26, 23, 24, 21, 21, 21, 21, 21, 24, 26, 22, 22, 23, 20]
2024-10-05 16:17:23 - 0.41666666666666663, 0.41666666666666663, 0.7333333333333333, 22.842105263157894, 23.25, 2.384848003542364, [25, 23, 22, 20, 21, 23, 25, 20, 31, 25, 24, 24, 21, 24, 22, 22, 24, 24, 21, 24]
2024-10-05 16:17:58 - 0.41666666666666663, 0.41666666666666663, 1.05, 23.842105263157894, 24.1, 2.165640782770772, [22, 22, 24, 28, 24, 25, 29, 23, 23, 23, 26, 23, 24, 20, 24, 24, 25, 25, 21, 27]
2024-10-05 16:18:33 - 0.41666666666666663, 0.41666666666666663, 1.3666666666666667, 25.2, 25.2, 1.661324772583615, [25, 25, 27, 28, 27, 23, 25, 28, 25, 24, 26, 25, 24, 26, 23, 27, 22, 25, 23, 26]
2024-10-05 16:19:09 - 0.41666666666666663, 0.41666666666666663, 1.6833333333333333, 27.210526315789473, 26.9, 2.8792360097775935, [28, 24, 21, 24, 26, 26, 30, 23, 24, 27, 28, 24, 28, 32, 27, 27, 30, 29, 32, 28]
2024-10-05 16:19:44 - 0.41666666666666663, 0.41666666666666663, 2.0, 26.55, 26.55, 3.48532638356869, [25, 29, 23, 27, 31, 24, 24, 30, 22, 31, 25, 29, 28, 33, 25, 22, 30, 21, 23, 29]
2024-10-05 16:20:15 - 0.41666666666666663, 0.7333333333333333, 0.1, 21.15, 21.15, 1.061838029079765, [23, 21, 20, 23, 21, 22, 21, 21, 20, 20, 20, 21, 21, 23, 21, 23, 20, 21, 21, 20]
2024-10-05 16:20:48 - 0.41666666666666663, 0.7333333333333333, 0.41666666666666663, 22.31578947368421, 22.6, 1.9078784028338913, [24, 22, 24, 23, 23, 21, 21, 28, 22, 20, 22, 23, 21, 24, 23, 22, 25, 24, 20, 20]
2024-10-05 16:21:24 - 0.41666666666666663, 0.7333333333333333, 0.7333333333333333, 25.526315789473685, 25.9, 3.2695565448543626, [28, 29, 29, 33, 28, 22, 27, 32, 23, 24, 24, 28, 27, 25, 24, 25, 21, 24, 21, 24]
2024-10-05 16:22:04 - 0.41666666666666663, 0.7333333333333333, 1.05, 27.8, 27.8, 3.280243893371345, [31, 29, 24, 25, 33, 32, 22, 27, 25, 24, 26, 29, 34, 25, 30, 29, 29, 25, 31, 26]
2024-10-05 16:22:42 - 0.41666666666666663, 0.7333333333333333, 1.3666666666666667, 28.2, 28.2, 3.0757112998459397, [29, 23, 24, 28, 28, 31, 30, 27, 28, 29, 23, 28, 28, 30, 33, 33, 25, 24, 30, 33]
2024-10-05 16:23:19 - 0.41666666666666663, 0.7333333333333333, 1.6833333333333333, 29.4, 29.4, 3.4263683398023628, [29, 29, 23, 33, 34, 30, 34, 30, 29, 30, 32, 28, 35, 23, 27, 28, 29, 30, 32, 23]
2024-10-05 16:23:54 - 0.41666666666666663, 0.7333333333333333, 2.0, 28.555555555555557, 29.4, 3.4985711369071804, [30, 27, 30, 23, 37, 27, 28, 31, 29, 25, 32, 37, 29, 27, 24, 30, 32, 29, 30, 31]
2024-10-05 16:24:28 - 0.41666666666666663, 1.05, 0.1, 22.166666666666668, 22.55, 1.627114009527298, [26, 21, 21, 23, 21, 21, 26, 21, 24, 22, 23, 21, 23, 22, 21, 22, 22, 24, 22, 25]
2024-10-05 16:25:04 - 0.41666666666666663, 1.05, 0.41666666666666663, 23.45, 23.45, 1.8567444627627139, [25, 26, 24, 27, 24, 23, 23, 22, 22, 25, 24, 23, 27, 20, 23, 21, 23, 21, 24, 22]
2024-10-05 16:25:40 - 0.41666666666666663, 1.05, 0.7333333333333333, 25.473684210526315, 25.8, 2.3366642891095846, [22, 29, 26, 22, 27, 25, 25, 27, 27, 23, 26, 26, 32, 27, 28, 25, 24, 24, 27, 24]
2024-10-05 16:26:16 - 0.41666666666666663, 1.05, 1.05, 29.0, 29.0, 3.271085446759225, [29, 32, 35, 28, 30, 25, 28, 24, 33, 31, 32, 34, 25, 27, 29, 28, 31, 23, 30, 26]
2024-10-05 16:26:50 - 0.41666666666666663, 1.05, 1.3666666666666667, 29.473684210526315, 29.9, 3.491418050019218, [36, 32, 33, 24, 26, 30, 29, 31, 26, 26, 30, 32, 34, 29, 30, 28, 26, 30, 38, 28]
2024-10-05 16:27:25 - 0.41666666666666663, 1.05, 1.6833333333333333, 30.894736842105264, 31.25, 3.191786333700926, [26, 35, 32, 30, 36, 32, 31, 33, 30, 25, 31, 34, 31, 31, 35, 29, 29, 29, 28, 38]
2024-10-05 16:27:59 - 0.41666666666666663, 1.05, 2.0, 29.27777777777778, 30.6, 4.662617290749907, [25, 27, 43, 29, 42, 29, 30, 32, 27, 28, 28, 33, 27, 28, 32, 28, 29, 28, 36, 31]
2024-10-05 16:28:31 - 0.41666666666666663, 1.3666666666666667, 0.1, 22.789473684210527, 22.95, 1.4309088021254184, [22, 26, 23, 22, 25, 24, 22, 24, 24, 22, 21, 22, 25, 21, 22, 25, 22, 22, 23, 22]
2024-10-05 16:29:04 - 0.41666666666666663, 1.3666666666666667, 0.41666666666666663, 25.42105263157895, 25.75, 2.947456530637899, [21, 27, 21, 26, 21, 23, 27, 27, 29, 27, 27, 29, 26, 25, 23, 25, 24, 30, 32, 25]
2024-10-05 16:29:38 - 0.41666666666666663, 1.3666666666666667, 0.7333333333333333, 27.85, 27.85, 3.0866648668101306, [22, 27, 26, 25, 30, 23, 30, 29, 26, 26, 32, 29, 29, 30, 32, 28, 32, 22, 28, 31]
2024-10-05 16:30:13 - 0.41666666666666663, 1.3666666666666667, 1.05, 28.42105263157895, 28.95, 3.8532453853861943, [31, 31, 26, 39, 26, 27, 23, 34, 27, 23, 31, 26, 28, 31, 31, 29, 30, 26, 26, 34]
2024-10-05 16:30:47 - 0.41666666666666663, 1.3666666666666667, 1.3666666666666667, 31.11111111111111, 31.05, 3.734635189680513, [34, 34, 30, 30, 31, 34, 32, 39, 34, 27, 29, 29, 36, 29, 33, 22, 32, 25, 30, 31]
2024-10-05 16:31:22 - 0.41666666666666663, 1.3666666666666667, 1.6833333333333333, 32.0, 32.0, 3.5496478698597698, [36, 33, 32, 25, 35, 31, 32, 37, 37, 36, 34, 34, 28, 29, 36, 30, 28, 28, 32, 27]
2024-10-05 16:31:56 - 0.41666666666666663, 1.3666666666666667, 2.0, 35.21052631578947, 34.6, 4.1400483088968905, [42, 38, 40, 23, 30, 37, 34, 35, 35, 38, 37, 34, 30, 29, 34, 35, 34, 33, 37, 37]
2024-10-05 16:32:28 - 0.41666666666666663, 1.6833333333333333, 0.1, 24.05263157894737, 24.45, 2.3339880033967613, [25, 24, 21, 27, 26, 25, 25, 24, 23, 32, 23, 22, 24, 23, 26, 24, 25, 22, 26, 22]
2024-10-05 16:33:01 - 0.41666666666666663, 1.6833333333333333, 0.41666666666666663, 25.333333333333332, 25.9, 2.3430749027719964, [23, 27, 27, 26, 25, 27, 24, 31, 25, 22, 25, 27, 27, 24, 24, 27, 28, 23, 25, 31]
2024-10-05 16:33:35 - 0.41666666666666663, 1.6833333333333333, 0.7333333333333333, 28.263157894736842, 28.8, 4.032369030731191, [39, 28, 26, 25, 23, 25, 36, 29, 33, 25, 26, 28, 23, 30, 32, 30, 29, 32, 29, 28]
2024-10-05 16:34:10 - 0.41666666666666663, 1.6833333333333333, 1.05, 30.72222222222222, 30.8, 2.874021572639983, [33, 34, 33, 30, 28, 31, 28, 30, 31, 25, 31, 27, 33, 32, 33, 32, 30, 30, 27, 38]
2024-10-05 16:34:44 - 0.41666666666666663, 1.6833333333333333, 1.3666666666666667, 31.210526315789473, 31.85, 4.530728418256826, [44, 26, 28, 30, 32, 29, 31, 35, 24, 29, 35, 32, 36, 30, 32, 37, 30, 27, 38, 32]
2024-10-05 16:35:19 - 0.41666666666666663, 1.6833333333333333, 1.6833333333333333, 30.63157894736842, 31.0, 3.361547262794322, [29, 38, 31, 26, 37, 30, 32, 31, 26, 33, 27, 33, 28, 34, 31, 32, 25, 32, 33, 32]
2024-10-05 16:35:53 - 0.41666666666666663, 1.6833333333333333, 2.0, 31.055555555555557, 32.1, 3.871692136521188, [27, 34, 42, 31, 31, 34, 31, 32, 31, 30, 33, 26, 41, 34, 33, 31, 27, 33, 32, 29]
2024-10-05 16:36:25 - 0.41666666666666663, 2.0, 0.1, 25.157894736842106, 25.45, 2.2242976419535223, [26, 22, 29, 26, 26, 24, 24, 26, 24, 31, 25, 25, 27, 25, 22, 23, 23, 27, 28, 26]
2024-10-05 16:36:58 - 0.41666666666666663, 2.0, 0.41666666666666663, 25.526315789473685, 25.95, 3.0736785778607367, [24, 27, 34, 27, 27, 24, 22, 25, 28, 23, 21, 28, 26, 26, 24, 26, 29, 31, 25, 22]
2024-10-05 16:37:32 - 0.41666666666666663, 2.0, 0.7333333333333333, 30.42105263157895, 30.05, 3.185514087239295, [27, 26, 31, 27, 33, 31, 23, 34, 31, 30, 29, 28, 26, 34, 30, 28, 31, 34, 33, 35]
2024-10-05 16:38:06 - 0.41666666666666663, 2.0, 1.05, 30.210526315789473, 30.65, 3.6779749863205975, [28, 26, 30, 32, 29, 29, 25, 26, 26, 34, 33, 39, 31, 30, 35, 29, 31, 35, 29, 36]
2024-10-05 16:38:41 - 0.41666666666666663, 2.0, 1.3666666666666667, 29.75, 29.75, 2.7363296585024255, [28, 32, 33, 26, 34, 33, 30, 25, 30, 32, 26, 30, 28, 32, 30, 29, 28, 33, 31, 25]
2024-10-05 16:39:15 - 0.41666666666666663, 2.0, 1.6833333333333333, 32.578947368421055, 33.15, 4.767336782733102, [33, 40, 30, 32, 33, 37, 40, 32, 26, 33, 33, 30, 32, 27, 33, 36, 44, 38, 29, 25]
2024-10-05 16:39:50 - 0.41666666666666663, 2.0, 2.0, 31.25, 31.25, 4.61383788185064, [26, 31, 32, 36, 28, 35, 26, 30, 27, 25, 37, 36, 26, 38, 29, 33, 36, 36, 35, 23]
2024-10-05 16:40:14 - 0.7333333333333333, 0.1, 0.1, 44.1578947368421, 44.85, 5.497954164959908, [48, 48, 44, 48, 41, 44, 35, 48, 36, 44, 50, 46, 39, 48, 43, 53, 45, 39, 40, 58]
2024-10-05 16:40:38 - 0.7333333333333333, 0.1, 0.41666666666666663, 21.263157894736842, 21.45, 1.3219304066402284, [22, 23, 23, 23, 20, 21, 20, 21, 25, 21, 22, 21, 23, 21, 20, 21, 20, 21, 20, 21]
2024-10-05 16:41:04 - 0.7333333333333333, 0.1, 0.7333333333333333, 21.157894736842106, 21.35, 1.4239030865898143, [20, 25, 24, 20, 23, 20, 21, 22, 21, 22, 21, 22, 20, 20, 21, 23, 20, 20, 21, 21]
2024-10-05 16:41:36 - 0.7333333333333333, 0.1, 1.05, 20.63157894736842, 20.75, 0.698212002188447, [20, 20, 21, 21, 20, 20, 21, 21, 20, 21, 23, 21, 21, 21, 20, 21, 21, 20, 21, 21]
2024-10-05 16:42:08 - 0.7333333333333333, 0.1, 1.3666666666666667, 21.055555555555557, 21.35, 1.2359207094308275, [21, 20, 22, 21, 21, 24, 21, 21, 20, 20, 21, 22, 20, 21, 23, 21, 21, 24, 20, 23]
2024-10-05 16:42:42 - 0.7333333333333333, 0.1, 1.6833333333333333, 21.42105263157895, 21.6, 1.5297058540778352, [20, 25, 20, 21, 21, 20, 21, 21, 24, 20, 20, 24, 21, 22, 22, 21, 21, 24, 21, 23]
2024-10-05 16:43:15 - 0.7333333333333333, 0.1, 2.0, 21.61111111111111, 21.85, 1.061838029079765, [21, 22, 21, 22, 21, 21, 22, 20, 21, 23, 21, 23, 24, 21, 21, 23, 22, 22, 24, 22]
2024-10-05 16:43:39 - 0.7333333333333333, 0.41666666666666663, 0.1, 38.22222222222222, 38.2, 3.789459064299283, [31, 38, 41, 37, 43, 38, 41, 40, 33, 36, 36, 38, 40, 41, 42, 38, 38, 30, 46, 37]
2024-10-05 16:44:04 - 0.7333333333333333, 0.41666666666666663, 0.41666666666666663, 21.473684210526315, 21.65, 1.388344337691482, [21, 22, 21, 21, 20, 23, 20, 20, 23, 22, 25, 23, 22, 20, 21, 22, 20, 22, 21, 24]
2024-10-05 16:44:32 - 0.7333333333333333, 0.41666666666666663, 0.7333333333333333, 22.05263157894737, 22.3, 1.8734993995195195, [25, 22, 20, 21, 21, 20, 21, 25, 24, 21, 21, 22, 27, 22, 21, 25, 21, 23, 22, 22]
2024-10-05 16:45:04 - 0.7333333333333333, 0.41666666666666663, 1.05, 20.94736842105263, 21.1, 1.0908712114635715, [20, 21, 21, 23, 21, 20, 20, 24, 21, 21, 22, 21, 20, 20, 23, 21, 21, 20, 21, 21]
2024-10-05 16:45:38 - 0.7333333333333333, 0.41666666666666663, 1.3666666666666667, 22.6, 22.6, 1.4628738838327793, [20, 22, 23, 22, 22, 23, 21, 22, 23, 21, 24, 24, 25, 24, 22, 21, 25, 25, 22, 21]
2024-10-05 16:46:12 - 0.7333333333333333, 0.41666666666666663, 1.6833333333333333, 22.105263157894736, 22.25, 1.2599603168354152, [22, 24, 23, 24, 23, 21, 21, 21, 21, 21, 21, 21, 24, 23, 21, 22, 22, 25, 22, 23]
2024-10-05 16:46:46 - 0.7333333333333333, 0.41666666666666663, 2.0, 23.0, 23.3, 1.8734993995195195, [24, 22, 22, 22, 29, 24, 24, 23, 22, 24, 27, 22, 21, 24, 23, 22, 24, 21, 23, 23]
2024-10-05 16:47:11 - 0.7333333333333333, 0.7333333333333333, 0.1, 21.0, 21.0, 1.140175425099138, [20, 21, 22, 20, 20, 20, 21, 22, 20, 22, 20, 23, 20, 21, 23, 20, 20, 20, 22, 23]
2024-10-05 16:47:39 - 0.7333333333333333, 0.7333333333333333, 0.41666666666666663, 21.444444444444443, 21.85, 1.5580436450882884, [21, 24, 22, 20, 22, 21, 22, 22, 26, 20, 22, 21, 21, 25, 23, 21, 22, 21, 21, 20]
2024-10-05 16:48:08 - 0.7333333333333333, 0.7333333333333333, 0.7333333333333333, 22.61111111111111, 23.15, 1.9563997546513852, [22, 24, 24, 24, 22, 28, 24, 22, 24, 22, 21, 21, 21, 22, 23, 24, 23, 21, 28, 23]
2024-10-05 16:48:42 - 0.7333333333333333, 0.7333333333333333, 1.05, 22.45, 22.45, 1.359227721906819, [21, 23, 22, 23, 22, 24, 21, 23, 22, 25, 22, 22, 21, 21, 25, 23, 21, 25, 21, 22]
2024-10-05 16:49:16 - 0.7333333333333333, 0.7333333333333333, 1.3666666666666667, 23.105263157894736, 23.4, 2.1071307505705477, [21, 21, 22, 25, 25, 24, 26, 29, 23, 22, 21, 23, 25, 24, 23, 25, 24, 20, 21, 24]
2024-10-05 16:49:50 - 0.7333333333333333, 0.7333333333333333, 1.6833333333333333, 23.842105263157894, 24.25, 3.031088913245535, [22, 21, 23, 25, 24, 23, 25, 24, 27, 22, 20, 30, 32, 21, 22, 21, 26, 27, 26, 24]
2024-10-05 16:50:23 - 0.7333333333333333, 0.7333333333333333, 2.0, 23.263157894736842, 23.55, 2.3339880033967613, [21, 27, 25, 23, 26, 25, 23, 22, 21, 21, 23, 21, 29, 22, 22, 23, 27, 22, 26, 22]
2024-10-05 16:50:52 - 0.7333333333333333, 1.05, 0.1, 20.473684210526315, 20.55, 0.5894913061275798, [21, 21, 20, 22, 20, 20, 20, 20, 20, 21, 21, 21, 20, 20, 21, 20, 20, 21, 21, 21]
2024-10-05 16:51:22 - 0.7333333333333333, 1.05, 0.41666666666666663, 21.6, 21.6, 1.2409673645990857, [24, 20, 22, 23, 20, 23, 21, 23, 20, 22, 22, 21, 23, 21, 20, 21, 23, 20, 21, 22]
2024-10-05 16:51:54 - 0.7333333333333333, 1.05, 0.7333333333333333, 21.894736842105264, 22.15, 2.0316249653910043, [20, 27, 22, 24, 22, 22, 22, 21, 23, 20, 20, 20, 22, 23, 20, 20, 25, 26, 23, 21]
2024-10-05 16:52:27 - 0.7333333333333333, 1.05, 1.05, 22.157894736842106, 22.45, 1.9868316486305526, [21, 21, 25, 22, 22, 23, 21, 21, 21, 23, 22, 28, 25, 22, 22, 22, 20, 26, 21, 21]
2024-10-05 16:53:01 - 0.7333333333333333, 1.05, 1.3666666666666667, 24.35, 24.35, 1.9817921182606413, [24, 24, 27, 24, 27, 27, 24, 23, 25, 23, 25, 21, 21, 24, 25, 28, 23, 27, 23, 22]
2024-10-05 16:53:35 - 0.7333333333333333, 1.05, 1.6833333333333333, 25.42105263157895, 25.75, 2.8613807855648994, [27, 26, 25, 27, 28, 24, 30, 24, 23, 23, 27, 23, 29, 29, 21, 26, 25, 25, 32, 21]
2024-10-05 16:54:09 - 0.7333333333333333, 1.05, 2.0, 25.105263157894736, 25.65, 3.5252659474144643, [23, 27, 23, 26, 36, 30, 24, 27, 24, 26, 21, 21, 25, 24, 29, 31, 23, 24, 25, 24]
2024-10-05 16:54:39 - 0.7333333333333333, 1.3666666666666667, 0.1, 20.94736842105263, 21.1, 1.2206555615733703, [21, 20, 21, 21, 21, 23, 24, 20, 20, 20, 22, 20, 20, 21, 20, 23, 21, 21, 20, 23]
2024-10-05 16:55:10 - 0.7333333333333333, 1.3666666666666667, 0.41666666666666663, 22.0, 22.2, 1.6309506430300091, [23, 23, 20, 21, 22, 22, 24, 20, 21, 23, 24, 25, 21, 20, 22, 21, 22, 23, 26, 21]
2024-10-05 16:55:42 - 0.7333333333333333, 1.3666666666666667, 0.7333333333333333, 23.1, 23.1, 1.7, [23, 20, 24, 24, 21, 21, 23, 22, 22, 24, 25, 23, 24, 24, 21, 26, 21, 23, 26, 25]
2024-10-05 16:56:16 - 0.7333333333333333, 1.3666666666666667, 1.05, 23.0, 23.3, 2.215851980616034, [23, 21, 25, 21, 20, 22, 22, 23, 21, 24, 29, 23, 24, 23, 25, 21, 24, 26, 22, 27]
2024-10-05 16:56:50 - 0.7333333333333333, 1.3666666666666667, 1.3666666666666667, 25.15, 25.15, 1.8241436346954698, [26, 25, 25, 23, 27, 27, 26, 25, 22, 27, 27, 25, 28, 23, 28, 23, 25, 24, 22, 25]
2024-10-05 16:57:24 - 0.7333333333333333, 1.3666666666666667, 1.6833333333333333, 25.57894736842105, 26.05, 2.8368115905008566, [24, 26, 31, 23, 24, 35, 26, 23, 27, 24, 29, 25, 26, 25, 24, 28, 24, 25, 26, 26]
2024-10-05 16:57:58 - 0.7333333333333333, 1.3666666666666667, 2.0, 27.157894736842106, 27.55, 3.3087006513131403, [34, 27, 26, 25, 29, 24, 31, 25, 26, 24, 28, 31, 29, 31, 25, 24, 25, 24, 35, 28]
2024-10-05 16:58:28 - 0.7333333333333333, 1.6833333333333333, 0.1, 21.736842105263158, 21.9, 1.4106735979665883, [22, 20, 24, 25, 22, 24, 23, 21, 22, 23, 22, 21, 21, 23, 20, 21, 22, 22, 20, 20]
2024-10-05 16:58:59 - 0.7333333333333333, 1.6833333333333333, 0.41666666666666663, 22.473684210526315, 22.7, 2.0999999999999996, [24, 21, 23, 26, 21, 23, 24, 21, 23, 21, 20, 21, 27, 22, 22, 20, 21, 22, 26, 26]
2024-10-05 16:59:32 - 0.7333333333333333, 1.6833333333333333, 0.7333333333333333, 23.473684210526315, 23.75, 2.426417111710186, [22, 26, 21, 26, 21, 25, 23, 26, 22, 21, 24, 28, 22, 21, 26, 23, 29, 21, 23, 25]
2024-10-05 17:00:06 - 0.7333333333333333, 1.6833333333333333, 1.05, 24.5, 24.5, 2.1563858652847827, [26, 22, 23, 28, 23, 25, 21, 26, 22, 22, 25, 25, 28, 23, 26, 27, 28, 23, 24, 23]
2024-10-05 17:00:39 - 0.7333333333333333, 1.6833333333333333, 1.3666666666666667, 27.105263157894736, 27.6, 4.066939881532551, [25, 34, 23, 27, 27, 33, 33, 25, 31, 24, 23, 22, 24, 27, 26, 26, 27, 27, 37, 31]
2024-10-05 17:01:13 - 0.7333333333333333, 1.6833333333333333, 1.6833333333333333, 27.42105263157895, 27.75, 2.9811910371527683, [25, 31, 26, 31, 27, 34, 31, 31, 26, 30, 25, 25, 29, 25, 28, 24, 30, 22, 27, 28]
2024-10-05 17:01:46 - 0.7333333333333333, 1.6833333333333333, 2.0, 28.35, 28.35, 2.3932195887548637, [30, 29, 27, 24, 25, 27, 30, 26, 29, 25, 29, 25, 32, 31, 27, 28, 30, 31, 31, 31]
2024-10-05 17:02:17 - 0.7333333333333333, 2.0, 0.1, 22.55, 22.55, 1.4654350889752847, [21, 24, 22, 25, 22, 20, 23, 21, 22, 22, 24, 21, 24, 21, 24, 25, 21, 22, 24, 23]
2024-10-05 17:02:48 - 0.7333333333333333, 2.0, 0.41666666666666663, 23.263157894736842, 23.55, 1.9615045245933032, [22, 26, 22, 29, 23, 25, 24, 23, 24, 24, 21, 25, 24, 21, 23, 22, 22, 24, 21, 26]
2024-10-05 17:03:27 - 0.7333333333333333, 2.0, 0.7333333333333333, 23.36842105263158, 23.75, 2.56661255354212, [21, 20, 24, 21, 26, 23, 23, 31, 25, 23, 22, 22, 24, 22, 28, 23, 26, 23, 26, 22]
2024-10-05 17:04:12 - 0.7333333333333333, 2.0, 1.05, 25.05, 25.05, 2.7654113618049663, [24, 26, 25, 21, 27, 25, 22, 29, 21, 25, 26, 30, 29, 24, 22, 20, 27, 25, 28, 25]
2024-10-05 17:05:05 - 0.7333333333333333, 2.0, 1.3666666666666667, 26.63157894736842, 27.05, 3.6121323342314025, [26, 27, 25, 27, 23, 30, 34, 25, 26, 23, 29, 26, 27, 25, 25, 28, 24, 34, 22, 35]
2024-10-05 17:05:49 - 0.7333333333333333, 2.0, 1.6833333333333333, 29.36842105263158, 29.95, 4.1770204691861395, [25, 27, 25, 28, 36, 32, 27, 29, 24, 32, 33, 33, 41, 30, 26, 26, 30, 35, 30, 30]
2024-10-05 17:06:30 - 0.7333333333333333, 2.0, 2.0, 29.05263157894737, 29.55, 3.3686050525402944, [26, 30, 23, 33, 28, 27, 29, 32, 28, 32, 27, 31, 39, 25, 32, 29, 32, 29, 28, 31]
2024-10-05 17:06:59 - 1.05, 0.1, 0.1, 44.473684210526315, 44.0, 3.687817782917155, [44, 51, 45, 45, 35, 45, 47, 42, 41, 41, 43, 38, 45, 45, 47, 49, 47, 47, 40, 43]
2024-10-05 17:07:28 - 1.05, 0.1, 0.41666666666666663, 44.89473684210526, 44.35, 4.508602887813475, [34, 51, 52, 44, 42, 44, 46, 46, 45, 44, 46, 42, 39, 45, 44, 50, 50, 36, 46, 41]
2024-10-05 17:07:57 - 1.05, 0.1, 0.7333333333333333, 22.05263157894737, 22.25, 1.5451537140362444, [21, 23, 21, 22, 24, 21, 22, 21, 25, 23, 21, 21, 22, 21, 21, 26, 24, 20, 23, 23]
2024-10-05 17:08:27 - 1.05, 0.1, 1.05, 21.157894736842106, 21.35, 1.525614630239236, [21, 20, 20, 20, 22, 24, 21, 21, 21, 21, 23, 20, 20, 24, 25, 22, 20, 20, 20, 22]
2024-10-05 17:09:03 - 1.05, 0.1, 1.3666666666666667, 20.6, 20.6, 0.7348469228349533, [20, 22, 20, 20, 20, 22, 20, 21, 20, 21, 21, 21, 21, 20, 20, 20, 21, 20, 22, 20]
2024-10-05 17:09:40 - 1.05, 0.1, 1.6833333333333333, 20.75, 20.75, 0.7664854858377946, [21, 22, 21, 21, 20, 21, 20, 20, 20, 20, 20, 20, 20, 21, 22, 21, 21, 22, 20, 22]
2024-10-05 17:10:19 - 1.05, 0.1, 2.0, 20.470588235294116, 20.85, 1.061838029079765, [20, 21, 21, 21, 20, 21, 20, 23, 20, 20, 21, 20, 20, 21, 23, 22, 20, 20, 23, 20]
2024-10-05 17:10:49 - 1.05, 0.41666666666666663, 0.1, 45.0, 45.8, 6.3999999999999995, [49, 42, 52, 61, 40, 48, 46, 43, 48, 43, 44, 55, 33, 47, 46, 40, 46, 47, 52, 34]
2024-10-05 17:11:18 - 1.05, 0.41666666666666663, 0.41666666666666663, 22.57894736842105, 22.9, 2.3000000000000003, [26, 21, 20, 21, 24, 23, 23, 29, 25, 22, 20, 22, 20, 23, 21, 24, 23, 26, 21, 24]
2024-10-05 17:11:48 - 1.05, 0.41666666666666663, 0.7333333333333333, 21.1, 21.1, 1.1789826122551597, [20, 21, 23, 20, 22, 20, 20, 23, 21, 23, 21, 23, 20, 20, 22, 20, 20, 22, 20, 21]
2024-10-05 17:12:20 - 1.05, 0.41666666666666663, 1.05, 21.210526315789473, 21.35, 1.2359207094308275, [22, 21, 21, 20, 21, 21, 20, 22, 24, 20, 21, 23, 20, 23, 23, 21, 21, 20, 20, 23]
2024-10-05 17:12:57 - 1.05, 0.41666666666666663, 1.3666666666666667, 20.8, 20.8, 0.812403840463596, [21, 22, 20, 20, 21, 20, 21, 21, 22, 22, 21, 20, 22, 22, 20, 20, 20, 21, 20, 20]
2024-10-05 17:13:36 - 1.05, 0.41666666666666663, 1.6833333333333333, 20.894736842105264, 21.05, 0.9205976319760985, [21, 21, 22, 20, 21, 20, 21, 22, 22, 21, 21, 21, 21, 21, 24, 20, 21, 21, 20, 20]
2024-10-05 17:14:16 - 1.05, 0.41666666666666663, 2.0, 21.473684210526315, 21.65, 1.4239030865898141, [21, 21, 22, 20, 20, 23, 22, 24, 20, 23, 21, 20, 21, 21, 25, 21, 22, 23, 20, 23]
2024-10-05 17:14:45 - 1.05, 0.7333333333333333, 0.1, 37.26315789473684, 37.7, 3.7960505792204615, [37, 41, 39, 33, 31, 40, 46, 36, 33, 36, 39, 40, 36, 40, 38, 37, 36, 39, 45, 32]
2024-10-05 17:15:15 - 1.05, 0.7333333333333333, 0.41666666666666663, 21.11111111111111, 21.4, 1.2000000000000002, [24, 22, 24, 20, 20, 21, 21, 22, 22, 22, 23, 21, 21, 21, 20, 21, 20, 20, 22, 21]
2024-10-05 17:15:48 - 1.05, 0.7333333333333333, 0.7333333333333333, 21.157894736842106, 21.3, 1.1, [20, 21, 20, 22, 22, 20, 21, 20, 21, 22, 24, 21, 22, 21, 23, 21, 21, 23, 20, 21]
2024-10-05 17:16:23 - 1.05, 0.7333333333333333, 1.05, 22.4, 22.4, 1.8275666882497066, [21, 20, 22, 23, 25, 25, 23, 20, 24, 21, 24, 22, 20, 23, 21, 21, 24, 20, 23, 26]
2024-10-05 17:17:01 - 1.05, 0.7333333333333333, 1.3666666666666667, 21.4, 21.4, 1.3564659966250536, [20, 21, 20, 21, 24, 20, 20, 23, 20, 23, 21, 24, 20, 21, 21, 22, 22, 23, 22, 20]
2024-10-05 17:17:40 - 1.05, 0.7333333333333333, 1.6833333333333333, 21.526315789473685, 21.7, 1.4866068747318506, [21, 21, 20, 20, 20, 20, 23, 23, 22, 25, 21, 24, 23, 21, 21, 22, 21, 24, 22, 20]
2024-10-05 17:18:21 - 1.05, 0.7333333333333333, 2.0, 22.77777777777778, 23.3, 2.3473389188611002, [22, 21, 22, 26, 22, 20, 22, 22, 23, 22, 28, 24, 23, 28, 21, 27, 22, 21, 25, 25]
2024-10-05 17:18:50 - 1.05, 1.05, 0.1, 21.3, 21.3, 1.004987562112089, [20, 23, 21, 20, 20, 23, 22, 21, 21, 23, 20, 21, 22, 22, 21, 22, 20, 21, 21, 22]
2024-10-05 17:19:22 - 1.05, 1.05, 0.41666666666666663, 21.473684210526315, 21.65, 1.3518505834595775, [23, 24, 20, 21, 22, 20, 22, 23, 20, 21, 22, 22, 23, 21, 21, 20, 21, 21, 25, 21]
2024-10-05 17:19:55 - 1.05, 1.05, 0.7333333333333333, 21.263157894736842, 21.45, 1.4309088021254186, [24, 21, 21, 22, 21, 23, 24, 20, 20, 20, 21, 20, 21, 25, 21, 21, 21, 22, 21, 20]
2024-10-05 17:20:30 - 1.05, 1.05, 1.05, 22.05263157894737, 22.2, 1.32664991614216, [22, 24, 20, 22, 25, 20, 22, 24, 23, 21, 22, 23, 21, 22, 23, 21, 22, 21, 22, 24]
2024-10-05 17:21:09 - 1.05, 1.05, 1.3666666666666667, 22.105263157894736, 22.4, 2.083266665599966, [21, 21, 20, 26, 23, 21, 21, 22, 20, 22, 23, 21, 24, 28, 20, 23, 25, 24, 21, 22]
2024-10-05 17:21:48 - 1.05, 1.05, 1.6833333333333333, 22.894736842105264, 23.1, 1.8681541692269403, [25, 27, 21, 21, 21, 23, 21, 22, 21, 25, 22, 26, 24, 22, 25, 24, 23, 23, 21, 25]
2024-10-05 17:22:31 - 1.05, 1.05, 2.0, 22.736842105263158, 22.95, 1.961504524593303, [20, 23, 22, 27, 20, 23, 23, 24, 24, 23, 22, 26, 20, 22, 24, 24, 22, 20, 25, 25]
2024-10-05 17:23:12 - 1.05, 1.3666666666666667, 0.1, 20.25, 20.25, 0.4330127018922193, [20, 20, 20, 20, 21, 21, 20, 20, 21, 21, 21, 20, 20, 20, 20, 20, 20, 20, 20, 20]
2024-10-05 17:23:51 - 1.05, 1.3666666666666667, 0.41666666666666663, 20.789473684210527, 20.95, 1.2031209415515967, [21, 20, 20, 20, 24, 23, 23, 21, 22, 20, 21, 20, 21, 20, 20, 20, 20, 20, 21, 22]
2024-10-05 17:24:30 - 1.05, 1.3666666666666667, 0.7333333333333333, 21.263157894736842, 21.45, 1.5644487847162016, [21, 23, 22, 25, 24, 20, 20, 22, 20, 20, 20, 21, 20, 20, 21, 23, 20, 21, 22, 24]
2024-10-05 17:25:10 - 1.05, 1.3666666666666667, 1.05, 22.25, 22.25, 1.7571283390805579, [23, 21, 23, 23, 25, 23, 25, 21, 20, 23, 21, 21, 21, 20, 22, 23, 20, 25, 20, 25]
2024-10-05 17:25:52 - 1.05, 1.3666666666666667, 1.3666666666666667, 22.68421052631579, 22.9, 1.57797338380595, [23, 23, 23, 21, 27, 23, 21, 23, 22, 23, 25, 22, 21, 22, 21, 25, 24, 25, 22, 22]
2024-10-05 17:26:42 - 1.05, 1.3666666666666667, 1.6833333333333333, 23.42105263157895, 23.8, 2.6570660511172846, [22, 25, 22, 22, 23, 27, 31, 21, 25, 22, 26, 28, 23, 21, 25, 22, 21, 26, 22, 22]
2024-10-05 17:27:30 - 1.05, 1.3666666666666667, 2.0, 24.473684210526315, 24.8, 2.4617067250182343, [26, 25, 22, 25, 25, 26, 23, 21, 25, 22, 21, 27, 23, 22, 27, 27, 25, 26, 31, 27]
2024-10-05 17:28:09 - 1.05, 1.6833333333333333, 0.1, 21.1, 21.1, 1.0908712114635715, [23, 20, 21, 21, 23, 20, 20, 21, 22, 20, 21, 21, 20, 20, 23, 23, 21, 20, 21, 21]
2024-10-05 17:28:48 - 1.05, 1.6833333333333333, 0.41666666666666663, 21.055555555555557, 21.35, 1.1079259903080172, [21, 21, 20, 23, 21, 21, 21, 21, 24, 21, 24, 22, 21, 21, 21, 20, 22, 21, 21, 20]
2024-10-05 17:29:33 - 1.05, 1.6833333333333333, 0.7333333333333333, 22.15, 22.15, 1.6815171720800235, [22, 20, 21, 22, 24, 25, 25, 20, 21, 20, 23, 25, 24, 22, 22, 20, 21, 22, 21, 23]
2024-10-05 17:30:22 - 1.05, 1.6833333333333333, 1.05, 22.36842105263158, 22.7, 2.2825424421026654, [24, 25, 25, 22, 22, 22, 20, 20, 21, 20, 23, 23, 21, 20, 26, 23, 21, 29, 23, 24]
2024-10-05 17:31:11 - 1.05, 1.6833333333333333, 1.3666666666666667, 23.842105263157894, 24.3, 3.4073450074801643, [23, 23, 23, 33, 31, 26, 22, 23, 26, 21, 28, 22, 23, 22, 29, 21, 25, 21, 21, 23]
2024-10-05 17:31:57 - 1.05, 1.6833333333333333, 1.6833333333333333, 24.526315789473685, 24.8, 2.4413111231467406, [21, 25, 23, 29, 23, 26, 25, 24, 25, 26, 30, 26, 27, 23, 25, 20, 27, 23, 26, 22]
2024-10-05 17:32:43 - 1.05, 1.6833333333333333, 2.0, 24.894736842105264, 25.15, 2.286372673034735, [25, 23, 25, 26, 23, 24, 23, 25, 28, 27, 30, 24, 21, 28, 25, 22, 23, 27, 28, 26]
2024-10-05 17:33:25 - 1.05, 2.0, 0.1, 20.842105263157894, 20.95, 0.8046738469715541, [20, 20, 20, 21, 23, 21, 20, 22, 22, 21, 21, 21, 21, 21, 20, 21, 21, 20, 22, 21]
2024-10-05 17:34:09 - 1.05, 2.0, 0.41666666666666663, 21.333333333333332, 21.6, 1.1575836902790226, [22, 23, 21, 24, 21, 23, 20, 21, 20, 22, 21, 21, 21, 24, 22, 20, 21, 21, 22, 22]
2024-10-05 17:34:53 - 1.05, 2.0, 0.7333333333333333, 21.789473684210527, 21.95, 1.2031209415515967, [25, 23, 21, 22, 20, 22, 22, 23, 21, 22, 24, 22, 21, 20, 23, 21, 22, 21, 22, 22]
2024-10-05 17:35:46 - 1.05, 2.0, 1.05, 22.42105263157895, 22.7, 2.0024984394500787, [24, 21, 21, 23, 22, 22, 26, 21, 21, 23, 21, 20, 28, 26, 22, 23, 24, 23, 22, 21]
2024-10-05 17:36:36 - 1.05, 2.0, 1.3666666666666667, 23.736842105263158, 23.55, 1.7741194999210173, [26, 22, 22, 25, 21, 23, 24, 23, 23, 20, 26, 24, 23, 26, 22, 22, 24, 24, 27, 24]
2024-10-05 17:37:24 - 1.05, 2.0, 1.6833333333333333, 24.22222222222222, 24.7, 2.12367605815953, [23, 24, 23, 26, 24, 24, 24, 21, 24, 24, 29, 22, 28, 27, 23, 24, 25, 29, 26, 24]
2024-10-05 17:38:14 - 1.05, 2.0, 2.0, 25.77777777777778, 25.8, 2.2045407685048604, [21, 28, 26, 28, 29, 27, 25, 23, 26, 26, 25, 24, 26, 24, 24, 24, 31, 25, 27, 27]
2024-10-05 17:38:47 - 1.3666666666666667, 0.1, 0.1, 43.31578947368421, 42.6, 5.6956123463592565, [42, 47, 42, 45, 44, 46, 29, 42, 41, 52, 50, 42, 43, 46, 41, 36, 52, 43, 34, 35]
2024-10-05 17:39:20 - 1.3666666666666667, 0.1, 0.41666666666666663, 41.611111111111114, 42.95, 4.842261868176896, [39, 54, 43, 40, 43, 40, 43, 48, 42, 39, 39, 42, 56, 44, 42, 44, 42, 43, 42, 34]
2024-10-05 17:39:55 - 1.3666666666666667, 0.1, 0.7333333333333333, 22.105263157894736, 22.35, 2.006863224038948, [24, 20, 23, 21, 21, 24, 21, 21, 21, 22, 20, 24, 20, 25, 27, 21, 23, 25, 24, 20]
2024-10-05 17:40:30 - 1.3666666666666667, 0.1, 1.05, 21.27777777777778, 21.85, 2.0316249653910043, [20, 20, 22, 22, 26, 20, 21, 22, 28, 20, 22, 21, 23, 21, 20, 20, 21, 22, 23, 23]
2024-10-05 17:41:08 - 1.3666666666666667, 0.1, 1.3666666666666667, 21.333333333333332, 21.75, 1.5451537140362444, [21, 22, 22, 21, 21, 21, 23, 25, 21, 23, 22, 20, 26, 20, 21, 21, 23, 21, 20, 21]
2024-10-05 17:41:52 - 1.3666666666666667, 0.1, 1.6833333333333333, 20.31578947368421, 20.45, 0.7399324293474371, [20, 20, 20, 20, 20, 21, 21, 21, 20, 20, 21, 20, 20, 20, 20, 21, 20, 23, 20, 21]
2024-10-05 17:42:35 - 1.3666666666666667, 0.1, 2.0, 20.36842105263158, 20.5, 0.806225774829855, [20, 20, 21, 20, 23, 21, 20, 22, 20, 21, 20, 20, 20, 20, 20, 20, 21, 20, 20, 21]
2024-10-05 17:43:08 - 1.3666666666666667, 0.41666666666666663, 0.1, 45.21052631578947, 44.6, 3.7868192457522976, [33, 44, 39, 44, 46, 48, 43, 43, 44, 45, 44, 45, 45, 42, 48, 45, 47, 46, 52, 49]
2024-10-05 17:43:41 - 1.3666666666666667, 0.41666666666666663, 0.41666666666666663, 35.55555555555556, 37.2, 6.095900261651269, [43, 33, 40, 33, 35, 31, 31, 33, 37, 37, 34, 52, 27, 38, 37, 52, 39, 36, 40, 36]
2024-10-05 17:44:16 - 1.3666666666666667, 0.41666666666666663, 0.7333333333333333, 21.68421052631579, 21.9, 1.6703293088490065, [26, 25, 22, 20, 22, 21, 20, 22, 21, 24, 20, 21, 22, 21, 20, 21, 23, 22, 24, 21]
2024-10-05 17:44:50 - 1.3666666666666667, 0.41666666666666663, 1.05, 22.157894736842106, 22.35, 1.7109938632268673, [26, 21, 23, 22, 21, 25, 25, 21, 20, 22, 24, 21, 23, 21, 23, 23, 24, 20, 21, 21]
2024-10-05 17:45:28 - 1.3666666666666667, 0.41666666666666663, 1.3666666666666667, 21.42105263157895, 21.6, 1.3928388277184118, [22, 22, 23, 20, 23, 23, 22, 21, 20, 21, 20, 22, 20, 21, 21, 25, 20, 24, 21, 21]
2024-10-05 17:46:10 - 1.3666666666666667, 0.41666666666666663, 1.6833333333333333, 20.842105263157894, 20.95, 0.8645808232895291, [20, 21, 20, 23, 20, 21, 21, 20, 22, 21, 22, 21, 20, 21, 20, 20, 21, 21, 22, 22]
2024-10-05 17:46:53 - 1.3666666666666667, 0.41666666666666663, 2.0, 21.2, 21.2, 1.0770329614269007, [21, 21, 21, 22, 20, 23, 22, 21, 22, 21, 22, 20, 22, 23, 20, 20, 20, 20, 20, 23]
2024-10-05 17:47:27 - 1.3666666666666667, 0.7333333333333333, 0.1, 35.666666666666664, 35.75, 3.84545185901475, [34, 30, 36, 37, 33, 40, 28, 38, 31, 34, 38, 39, 34, 35, 34, 41, 37, 37, 34, 45]
2024-10-05 17:48:01 - 1.3666666666666667, 0.7333333333333333, 0.41666666666666663, 21.5, 22.05, 1.9615045245933032, [27, 20, 22, 21, 21, 27, 24, 20, 21, 22, 21, 23, 22, 22, 21, 20, 22, 20, 22, 23]
2024-10-05 17:48:35 - 1.3666666666666667, 0.7333333333333333, 0.7333333333333333, 21.526315789473685, 21.9, 2.32163735324878, [23, 24, 24, 20, 24, 21, 25, 20, 29, 20, 21, 23, 20, 20, 20, 20, 21, 20, 21, 22]
2024-10-05 17:49:12 - 1.3666666666666667, 0.7333333333333333, 1.05, 21.36842105263158, 21.75, 1.9716744153130354, [23, 21, 22, 21, 21, 20, 21, 22, 21, 21, 21, 20, 24, 22, 20, 20, 29, 23, 21, 22]
2024-10-05 17:49:50 - 1.3666666666666667, 0.7333333333333333, 1.3666666666666667, 20.77777777777778, 21.1, 1.2609520212918492, [20, 21, 21, 21, 21, 23, 21, 20, 22, 21, 20, 20, 22, 20, 24, 21, 20, 20, 20, 24]
2024-10-05 17:50:33 - 1.3666666666666667, 0.7333333333333333, 1.6833333333333333, 21.31578947368421, 21.5, 1.5329709716755893, [21, 21, 22, 21, 20, 20, 20, 23, 20, 22, 25, 23, 20, 20, 21, 24, 22, 24, 21, 20]
2024-10-05 17:51:17 - 1.3666666666666667, 0.7333333333333333, 2.0, 21.473684210526315, 21.6, 1.1135528725660044, [21, 23, 20, 22, 22, 21, 20, 21, 20, 23, 21, 22, 23, 24, 21, 21, 21, 21, 22, 23]
2024-10-05 17:51:51 - 1.3666666666666667, 1.05, 0.1, 35.94736842105263, 36.55, 5.499772722576816, [40, 29, 31, 35, 27, 35, 41, 35, 41, 36, 41, 30, 37, 28, 48, 44, 43, 36, 38, 36]
2024-10-05 17:52:25 - 1.3666666666666667, 1.05, 0.41666666666666663, 21.333333333333332, 21.7, 1.6155494421403513, [20, 22, 23, 20, 25, 21, 23, 22, 20, 21, 20, 22, 23, 24, 21, 20, 20, 21, 25, 21]
2024-10-05 17:53:03 - 1.3666666666666667, 1.05, 0.7333333333333333, 21.8, 21.8, 1.2884098726725126, [24, 22, 20, 23, 24, 21, 23, 23, 20, 22, 23, 23, 21, 20, 21, 20, 22, 21, 22, 21]
2024-10-05 17:53:44 - 1.3666666666666667, 1.05, 1.05, 21.555555555555557, 21.9, 1.410673597966588, [22, 21, 21, 21, 22, 22, 20, 22, 20, 22, 23, 25, 21, 25, 24, 21, 22, 22, 20, 22]
2024-10-05 17:54:23 - 1.3666666666666667, 1.05, 1.3666666666666667, 22.4, 22.4, 1.624807680927192, [24, 21, 24, 22, 23, 24, 21, 23, 25, 21, 24, 25, 20, 23, 21, 20, 20, 23, 23, 21]
2024-10-05 17:55:06 - 1.3666666666666667, 1.05, 1.6833333333333333, 21.555555555555557, 21.8, 1.077032961426901, [23, 21, 21, 21, 21, 24, 23, 21, 22, 22, 21, 21, 24, 21, 22, 20, 21, 23, 22, 22]
2024-10-05 17:55:51 - 1.3666666666666667, 1.05, 2.0, 22.35, 22.35, 1.9306734576307825, [21, 25, 24, 22, 20, 24, 20, 22, 23, 22, 22, 24, 23, 24, 20, 20, 20, 25, 20, 26]
2024-10-05 17:56:26 - 1.3666666666666667, 1.3666666666666667, 0.1, 21.789473684210527, 22.05, 1.8020821290940099, [21, 22, 21, 20, 23, 22, 20, 23, 27, 20, 21, 25, 23, 23, 23, 21, 21, 21, 24, 20]
2024-10-05 17:57:02 - 1.3666666666666667, 1.3666666666666667, 0.41666666666666663, 20.842105263157894, 21.05, 1.395528573695286, [20, 23, 21, 21, 23, 20, 20, 20, 20, 21, 20, 20, 20, 25, 20, 23, 22, 21, 21, 20]
2024-10-05 17:57:41 - 1.3666666666666667, 1.3666666666666667, 0.7333333333333333, 20.842105263157894, 21.0, 1.0488088481701516, [21, 21, 21, 20, 20, 21, 21, 20, 20, 21, 21, 22, 21, 21, 20, 20, 23, 20, 22, 24]
2024-10-05 17:58:21 - 1.3666666666666667, 1.3666666666666667, 1.05, 22.25, 22.25, 1.1346805717910218, [24, 23, 21, 22, 20, 23, 23, 24, 21, 21, 22, 21, 21, 23, 24, 22, 22, 22, 23, 23]
2024-10-05 17:59:01 - 1.3666666666666667, 1.3666666666666667, 1.3666666666666667, 23.15, 23.15, 1.9817921182606413, [21, 21, 22, 24, 21, 25, 24, 22, 24, 27, 26, 23, 23, 20, 22, 21, 23, 26, 26, 22]
2024-10-05 17:59:46 - 1.3666666666666667, 1.3666666666666667, 1.6833333333333333, 22.105263157894736, 22.3, 1.2288205727444508, [21, 23, 26, 21, 23, 22, 23, 23, 21, 21, 21, 23, 23, 21, 23, 23, 22, 23, 21, 22]
2024-10-05 18:00:35 - 1.3666666666666667, 1.3666666666666667, 2.0, 22.157894736842106, 22.35, 1.7109938632268675, [20, 21, 23, 20, 20, 21, 22, 25, 22, 24, 22, 26, 24, 21, 21, 23, 25, 22, 22, 23]
2024-10-05 18:01:15 - 1.3666666666666667, 1.6833333333333333, 0.1, 20.333333333333332, 20.5, 0.6708203932499369, [21, 21, 21, 22, 21, 20, 20, 20, 21, 21, 20, 20, 20, 20, 20, 22, 20, 20, 20, 20]
2024-10-05 18:01:54 - 1.3666666666666667, 1.6833333333333333, 0.41666666666666663, 20.38888888888889, 20.55, 0.6689544080129824, [20, 20, 20, 20, 21, 20, 21, 20, 20, 22, 21, 22, 20, 21, 20, 20, 20, 21, 21, 21]
2024-10-05 18:02:35 - 1.3666666666666667, 1.6833333333333333, 0.7333333333333333, 20.944444444444443, 21.25, 1.299038105676658, [20, 21, 20, 21, 23, 24, 21, 21, 24, 20, 23, 21, 20, 21, 22, 22, 20, 20, 21, 20]
2024-10-05 18:03:18 - 1.3666666666666667, 1.6833333333333333, 1.05, 21.736842105263158, 21.9, 1.4456832294800956, [21, 23, 23, 23, 21, 25, 20, 20, 21, 21, 21, 21, 23, 20, 23, 20, 24, 23, 23, 22]
2024-10-05 18:04:03 - 1.3666666666666667, 1.6833333333333333, 1.3666666666666667, 21.57894736842105, 21.75, 1.4097872179871684, [23, 22, 22, 20, 20, 21, 23, 25, 22, 20, 21, 21, 20, 23, 22, 24, 22, 23, 21, 20]
2024-10-05 18:04:49 - 1.3666666666666667, 1.6833333333333333, 1.6833333333333333, 21.94736842105263, 22.15, 1.5256146302392357, [20, 22, 20, 23, 26, 20, 23, 22, 22, 23, 22, 23, 21, 22, 23, 22, 25, 22, 20, 22]
2024-10-05 18:05:36 - 1.3666666666666667, 1.6833333333333333, 2.0, 22.11111111111111, 22.75, 2.384848003542364, [22, 21, 23, 21, 23, 22, 28, 22, 29, 24, 22, 21, 22, 21, 21, 21, 21, 27, 23, 21]
2024-10-05 18:06:15 - 1.3666666666666667, 2.0, 0.1, 20.57894736842105, 20.7, 0.714142842854285, [21, 20, 20, 21, 21, 21, 20, 21, 20, 21, 20, 21, 23, 21, 21, 21, 20, 21, 20, 20]
2024-10-05 18:06:56 - 1.3666666666666667, 2.0, 0.41666666666666663, 21.105263157894736, 21.25, 1.2196310917650468, [20, 21, 21, 21, 23, 20, 21, 20, 21, 21, 24, 21, 20, 20, 23, 23, 23, 21, 21, 20]
2024-10-05 18:07:35 - 1.3666666666666667, 2.0, 0.7333333333333333, 21.2, 21.2, 1.1224972160321822, [20, 22, 20, 20, 20, 20, 22, 21, 23, 20, 23, 21, 21, 20, 23, 21, 21, 23, 22, 21]
2024-10-05 18:08:11 - 1.3666666666666667, 2.0, 1.05, 21.842105263157894, 22.0, 1.449137674618944, [22, 21, 22, 22, 22, 22, 21, 22, 21, 20, 22, 21, 24, 24, 24, 25, 20, 21, 24, 20]
2024-10-05 18:08:49 - 1.3666666666666667, 2.0, 1.3666666666666667, 22.6, 22.6, 1.772004514666935, [23, 24, 22, 20, 22, 21, 25, 22, 21, 22, 23, 21, 26, 21, 21, 24, 26, 21, 22, 25]
2024-10-05 18:09:27 - 1.3666666666666667, 2.0, 1.6833333333333333, 23.25, 23.25, 1.9968725547715858, [22, 26, 22, 22, 27, 21, 25, 21, 20, 26, 23, 25, 25, 23, 21, 22, 26, 23, 22, 23]
2024-10-05 18:10:05 - 1.3666666666666667, 2.0, 2.0, 23.555555555555557, 24.1, 2.3430749027719964, [21, 24, 22, 24, 26, 22, 23, 23, 21, 24, 26, 23, 23, 27, 22, 25, 22, 29, 29, 26]
2024-10-05 18:10:32 - 1.6833333333333333, 0.1, 0.1, 43.8, 43.8, 4.4, [41, 50, 46, 47, 49, 45, 45, 47, 42, 43, 36, 37, 37, 48, 42, 47, 46, 46, 47, 35]
2024-10-05 18:10:59 - 1.6833333333333333, 0.1, 0.41666666666666663, 46.05263157894737, 45.65, 3.6915443922564446, [48, 43, 51, 45, 40, 38, 50, 46, 51, 47, 47, 44, 50, 45, 43, 44, 43, 51, 41, 46]
2024-10-05 18:11:26 - 1.6833333333333333, 0.1, 0.7333333333333333, 45.4, 45.4, 4.586937976471886, [43, 40, 43, 53, 42, 38, 40, 46, 44, 54, 47, 45, 52, 47, 40, 52, 42, 47, 49, 44]
2024-10-05 18:11:54 - 1.6833333333333333, 0.1, 1.05, 21.35, 21.35, 1.3518505834595775, [20, 22, 21, 20, 20, 21, 23, 20, 20, 24, 23, 20, 23, 21, 22, 21, 21, 20, 21, 24]
2024-10-05 18:12:22 - 1.6833333333333333, 0.1, 1.3666666666666667, 21.5, 21.5, 1.3601470508735443, [20, 21, 22, 20, 22, 23, 20, 20, 24, 20, 21, 24, 22, 21, 24, 21, 21, 22, 22, 20]
2024-10-05 18:12:51 - 1.6833333333333333, 0.1, 1.6833333333333333, 21.31578947368421, 21.45, 1.023474474522936, [21, 21, 23, 22, 21, 22, 23, 20, 21, 21, 20, 22, 21, 20, 21, 22, 24, 22, 21, 21]
2024-10-05 18:13:23 - 1.6833333333333333, 0.1, 2.0, 20.3, 20.3, 0.45825756949558394, [20, 20, 21, 21, 20, 20, 20, 21, 20, 20, 20, 20, 20, 21, 20, 20, 20, 20, 21, 21]
2024-10-05 18:13:50 - 1.6833333333333333, 0.41666666666666663, 0.1, 45.63157894736842, 45.15, 4.464022849403887, [47, 46, 48, 40, 49, 53, 42, 44, 43, 45, 45, 50, 44, 45, 36, 50, 40, 37, 51, 48]
2024-10-05 18:14:17 - 1.6833333333333333, 0.41666666666666663, 0.41666666666666663, 44.15, 44.15, 3.6779749863205975, [47, 43, 47, 50, 42, 40, 46, 38, 42, 41, 45, 46, 49, 37, 47, 49, 48, 42, 43, 41]
2024-10-05 18:14:44 - 1.6833333333333333, 0.41666666666666663, 0.7333333333333333, 22.57894736842105, 22.95, 2.597595041572107, [25, 26, 21, 22, 23, 20, 22, 22, 22, 21, 26, 27, 20, 21, 20, 23, 21, 30, 24, 23]
2024-10-05 18:15:12 - 1.6833333333333333, 0.41666666666666663, 1.05, 21.22222222222222, 21.6, 1.6552945357246847, [22, 25, 21, 20, 20, 25, 20, 22, 20, 21, 24, 20, 22, 20, 22, 22, 20, 21, 24, 21]
2024-10-05 18:15:40 - 1.6833333333333333, 0.41666666666666663, 1.3666666666666667, 21.57894736842105, 21.85, 1.8241436346954698, [20, 21, 21, 20, 20, 22, 27, 21, 20, 20, 23, 22, 23, 23, 23, 21, 25, 20, 22, 23]
2024-10-05 18:16:10 - 1.6833333333333333, 0.41666666666666663, 1.6833333333333333, 21.5, 21.5, 0.9746794344808963, [22, 22, 21, 20, 23, 21, 23, 22, 22, 23, 20, 21, 21, 21, 23, 22, 21, 20, 21, 21]
2024-10-05 18:16:44 - 1.6833333333333333, 0.41666666666666663, 2.0, 20.6, 20.6, 0.7348469228349533, [20, 21, 22, 20, 20, 20, 20, 21, 21, 22, 20, 20, 20, 21, 20, 20, 22, 21, 21, 20]
2024-10-05 18:17:11 - 1.6833333333333333, 0.7333333333333333, 0.1, 44.473684210526315, 45.15, 5.237127075028827, [51, 50, 44, 52, 48, 43, 38, 44, 42, 47, 36, 45, 44, 38, 44, 51, 41, 45, 58, 42]
2024-10-05 18:17:37 - 1.6833333333333333, 0.7333333333333333, 0.41666666666666663, 33.8421052631579, 34.5, 5.608029957123981, [36, 34, 29, 32, 26, 42, 29, 36, 31, 47, 30, 33, 43, 32, 39, 36, 33, 36, 25, 41]
2024-10-05 18:18:05 - 1.6833333333333333, 0.7333333333333333, 0.7333333333333333, 21.94736842105263, 22.1, 1.3379088160259653, [23, 24, 22, 24, 21, 21, 24, 22, 21, 22, 22, 21, 22, 22, 20, 21, 23, 20, 22, 25]
2024-10-05 18:18:33 - 1.6833333333333333, 0.7333333333333333, 1.05, 21.736842105263158, 22.0, 1.8708286933869707, [24, 21, 20, 22, 27, 23, 24, 20, 23, 20, 23, 23, 23, 24, 21, 21, 20, 20, 21, 20]
2024-10-05 18:19:03 - 1.6833333333333333, 0.7333333333333333, 1.3666666666666667, 21.473684210526315, 21.7, 1.5198684153570665, [22, 23, 22, 22, 22, 20, 20, 24, 20, 23, 21, 23, 26, 21, 21, 21, 21, 20, 20, 22]
2024-10-05 18:19:38 - 1.6833333333333333, 0.7333333333333333, 1.6833333333333333, 21.05263157894737, 21.4, 1.743559577416269, [21, 21, 23, 21, 23, 20, 21, 21, 21, 21, 28, 22, 20, 21, 20, 21, 20, 20, 22, 21]
2024-10-05 18:20:16 - 1.6833333333333333, 0.7333333333333333, 2.0, 20.842105263157894, 21.05, 1.2031209415515967, [20, 21, 21, 21, 25, 20, 21, 21, 20, 23, 22, 21, 20, 22, 20, 21, 21, 20, 21, 20]
2024-10-05 18:20:46 - 1.6833333333333333, 1.05, 0.1, 37.94736842105263, 38.45, 4.188973621306298, [45, 40, 34, 36, 38, 35, 43, 34, 32, 35, 39, 38, 41, 42, 32, 48, 39, 42, 40, 36]
2024-10-05 18:21:13 - 1.6833333333333333, 1.05, 0.41666666666666663, 22.15, 22.15, 1.525614630239236, [20, 22, 25, 22, 24, 23, 25, 20, 21, 23, 22, 22, 20, 24, 22, 22, 21, 20, 22, 23]
2024-10-05 18:21:42 - 1.6833333333333333, 1.05, 0.7333333333333333, 21.157894736842106, 21.25, 0.698212002188447, [21, 22, 22, 22, 21, 20, 21, 20, 21, 21, 21, 22, 21, 21, 21, 22, 23, 21, 21, 21]
2024-10-05 18:22:11 - 1.6833333333333333, 1.05, 1.05, 20.944444444444443, 21.3, 1.3453624047073711, [21, 20, 23, 22, 25, 21, 20, 21, 20, 24, 22, 20, 21, 22, 21, 20, 20, 21, 21, 21]
2024-10-05 18:22:41 - 1.6833333333333333, 1.05, 1.3666666666666667, 21.444444444444443, 21.85, 1.5580436450882884, [22, 26, 21, 22, 20, 20, 21, 22, 24, 23, 21, 21, 21, 22, 22, 25, 22, 21, 21, 20]
2024-10-05 18:23:14 - 1.6833333333333333, 1.05, 1.6833333333333333, 21.105263157894736, 21.25, 1.1346805717910218, [22, 22, 21, 20, 20, 21, 24, 20, 21, 23, 20, 20, 22, 20, 21, 21, 21, 21, 22, 23]
2024-10-05 18:23:49 - 1.6833333333333333, 1.05, 2.0, 21.63157894736842, 21.85, 1.7965244223221681, [24, 20, 22, 21, 24, 22, 21, 20, 22, 25, 20, 22, 21, 22, 20, 20, 26, 24, 20, 21]
2024-10-05 18:24:16 - 1.6833333333333333, 1.3666666666666667, 0.1, 35.44444444444444, 35.25, 3.806244868633651, [38, 37, 43, 35, 31, 37, 38, 32, 39, 33, 35, 38, 39, 33, 34, 35, 33, 24, 35, 36]
2024-10-05 18:24:43 - 1.6833333333333333, 1.3666666666666667, 0.41666666666666663, 21.736842105263158, 22.0, 1.760681686165901, [23, 20, 20, 22, 23, 21, 21, 24, 21, 20, 22, 23, 21, 27, 20, 22, 24, 20, 23, 23]
2024-10-05 18:25:12 - 1.6833333333333333, 1.3666666666666667, 0.7333333333333333, 21.210526315789473, 21.3, 0.7810249675906655, [21, 21, 22, 22, 21, 22, 21, 21, 22, 22, 20, 21, 20, 21, 21, 22, 21, 22, 23, 20]
2024-10-05 18:25:43 - 1.6833333333333333, 1.3666666666666667, 1.05, 20.842105263157894, 21.1, 1.374772708486752, [21, 21, 20, 20, 21, 22, 21, 20, 22, 26, 21, 21, 20, 22, 22, 20, 20, 20, 22, 20]
2024-10-05 18:26:19 - 1.6833333333333333, 1.3666666666666667, 1.3666666666666667, 21.63157894736842, 21.85, 1.8513508581573617, [21, 22, 21, 24, 21, 21, 20, 23, 26, 20, 23, 20, 22, 25, 20, 21, 20, 25, 20, 22]
2024-10-05 18:26:57 - 1.6833333333333333, 1.3666666666666667, 1.6833333333333333, 21.944444444444443, 22.5, 2.1095023109728985, [24, 20, 22, 28, 22, 22, 22, 22, 22, 27, 20, 22, 23, 25, 21, 21, 20, 22, 24, 21]
2024-10-05 18:27:39 - 1.6833333333333333, 1.3666666666666667, 2.0, 21.27777777777778, 21.9, 2.0952326839756963, [22, 20, 21, 28, 21, 22, 21, 20, 22, 23, 20, 23, 20, 27, 21, 21, 21, 23, 21, 21]
2024-10-05 18:28:11 - 1.6833333333333333, 1.6833333333333333, 0.1, 20.88888888888889, 21.25, 1.3738631664034087, [21, 24, 21, 20, 21, 20, 22, 22, 21, 23, 21, 20, 20, 20, 21, 25, 22, 20, 21, 20]
2024-10-05 18:28:46 - 1.6833333333333333, 1.6833333333333333, 0.41666666666666663, 21.263157894736842, 21.45, 1.3955285736952863, [23, 21, 20, 20, 24, 20, 21, 21, 21, 20, 21, 21, 21, 22, 21, 21, 25, 21, 24, 21]
2024-10-05 18:29:22 - 1.6833333333333333, 1.6833333333333333, 0.7333333333333333, 20.666666666666668, 21.0, 1.3038404810405297, [21, 20, 24, 20, 20, 22, 20, 20, 20, 20, 21, 20, 24, 20, 20, 21, 21, 23, 21, 22]
2024-10-05 18:30:00 - 1.6833333333333333, 1.6833333333333333, 1.05, 21.68421052631579, 21.85, 1.388344337691482, [25, 23, 21, 20, 21, 22, 22, 21, 23, 21, 22, 23, 22, 23, 20, 20, 21, 23, 20, 24]
2024-10-05 18:30:37 - 1.6833333333333333, 1.6833333333333333, 1.3666666666666667, 21.94736842105263, 22.25, 1.9968725547715858, [22, 23, 23, 28, 22, 21, 23, 22, 20, 20, 23, 21, 23, 20, 21, 24, 21, 22, 26, 20]
2024-10-05 18:31:18 - 1.6833333333333333, 1.6833333333333333, 1.6833333333333333, 23.0, 23.2, 1.7492855684535902, [24, 23, 25, 22, 23, 24, 27, 23, 22, 21, 23, 25, 21, 21, 21, 25, 23, 26, 24, 21]
2024-10-05 18:32:03 - 1.6833333333333333, 1.6833333333333333, 2.0, 21.8, 21.8, 1.3266499161421599, [20, 23, 23, 23, 20, 21, 20, 23, 21, 21, 23, 20, 24, 21, 22, 24, 21, 22, 21, 23]
2024-10-05 18:32:41 - 1.6833333333333333, 2.0, 0.1, 20.473684210526315, 20.6, 0.8602325267042626, [21, 20, 20, 21, 20, 21, 20, 20, 23, 22, 20, 20, 22, 20, 20, 20, 21, 21, 20, 20]
2024-10-05 18:33:18 - 1.6833333333333333, 2.0, 0.41666666666666663, 20.61111111111111, 20.85, 1.061838029079765, [21, 20, 20, 20, 20, 22, 22, 22, 20, 21, 21, 20, 23, 20, 20, 22, 20, 23, 20, 20]
2024-10-05 18:33:51 - 1.6833333333333333, 2.0, 0.7333333333333333, 20.842105263157894, 20.95, 0.7399324293474371, [22, 20, 21, 21, 21, 21, 21, 21, 20, 21, 23, 20, 21, 22, 20, 21, 21, 21, 20, 21]
2024-10-05 18:34:26 - 1.6833333333333333, 2.0, 1.05, 21.61111111111111, 21.85, 0.9630680142129111, [22, 22, 23, 21, 21, 21, 23, 22, 22, 21, 21, 22, 21, 21, 22, 24, 21, 21, 24, 22]
2024-10-05 18:35:02 - 1.6833333333333333, 2.0, 1.3666666666666667, 21.105263157894736, 21.3, 1.4866068747318506, [20, 21, 21, 20, 20, 20, 24, 25, 23, 22, 22, 20, 21, 20, 20, 22, 23, 20, 20, 22]
2024-10-05 18:35:38 - 1.6833333333333333, 2.0, 1.6833333333333333, 22.473684210526315, 22.7, 1.9000000000000001, [21, 24, 20, 23, 23, 20, 23, 22, 24, 21, 22, 24, 25, 24, 24, 21, 25, 21, 27, 20]
2024-10-05 18:36:18 - 1.6833333333333333, 2.0, 2.0, 21.842105263157894, 22.05, 1.7168284713389395, [25, 25, 21, 20, 23, 20, 22, 22, 23, 23, 20, 22, 22, 22, 21, 20, 26, 20, 22, 22]
2024-10-05 18:36:51 - 2.0, 0.1, 0.1, 44.7, 44.7, 4.243819034784589, [41, 51, 51, 44, 45, 44, 43, 50, 43, 37, 38, 53, 43, 40, 46, 47, 46, 48, 42, 42]
2024-10-05 18:37:25 - 2.0, 0.1, 0.41666666666666663, 40.78947368421053, 41.45, 4.862869523234198, [40, 41, 37, 43, 35, 48, 41, 40, 38, 49, 41, 54, 38, 45, 42, 44, 41, 43, 36, 33]
2024-10-05 18:37:57 - 2.0, 0.1, 0.7333333333333333, 43.68421052631579, 43.05, 5.3336197839741075, [40, 42, 45, 35, 49, 35, 48, 43, 46, 50, 41, 43, 51, 42, 50, 31, 37, 46, 43, 44]
2024-10-05 18:38:30 - 2.0, 0.1, 1.05, 22.36842105263158, 22.6, 1.8, [21, 23, 23, 21, 23, 25, 20, 23, 22, 21, 23, 22, 25, 27, 25, 23, 20, 21, 23, 21]
2024-10-05 18:39:04 - 2.0, 0.1, 1.3666666666666667, 21.842105263157894, 22.25, 2.662235902394827, [20, 22, 26, 21, 30, 21, 21, 20, 22, 25, 20, 24, 21, 21, 21, 21, 21, 21, 20, 27]
2024-10-05 18:39:38 - 2.0, 0.1, 1.6833333333333333, 21.526315789473685, 21.75, 1.699264546796643, [26, 21, 23, 21, 20, 21, 20, 22, 21, 21, 21, 22, 20, 24, 24, 21, 21, 20, 25, 21]
2024-10-05 18:40:11 - 2.0, 0.1, 2.0, 21.736842105263158, 21.9, 1.4456832294800959, [20, 25, 21, 23, 22, 23, 21, 24, 21, 22, 23, 23, 21, 22, 20, 21, 20, 20, 22, 24]
2024-10-05 18:40:44 - 2.0, 0.41666666666666663, 0.1, 45.22222222222222, 45.25, 4.072775466435634, [43, 42, 47, 47, 43, 37, 54, 48, 39, 43, 45, 48, 46, 51, 47, 44, 43, 40, 50, 48]
2024-10-05 18:41:22 - 2.0, 0.41666666666666663, 0.41666666666666663, 44.10526315789474, 43.55, 5.200721103847042, [50, 47, 48, 45, 48, 41, 36, 43, 49, 42, 34, 50, 49, 43, 40, 38, 41, 48, 46, 33]
2024-10-05 18:41:55 - 2.0, 0.41666666666666663, 0.7333333333333333, 40.05263157894737, 39.35, 5.217997700267795, [42, 43, 34, 37, 42, 42, 42, 42, 49, 41, 43, 39, 36, 41, 34, 30, 26, 37, 42, 45]
2024-10-05 18:42:29 - 2.0, 0.41666666666666663, 1.05, 21.31578947368421, 21.8, 2.541653005427767, [20, 21, 20, 23, 22, 31, 20, 21, 20, 20, 25, 21, 23, 24, 21, 22, 21, 21, 20, 20]
2024-10-05 18:43:03 - 2.0, 0.41666666666666663, 1.3666666666666667, 21.894736842105264, 22.1, 1.479864858694874, [22, 24, 23, 23, 22, 22, 21, 21, 23, 22, 23, 26, 22, 20, 20, 21, 21, 22, 20, 24]
2024-10-05 18:43:38 - 2.0, 0.41666666666666663, 1.6833333333333333, 22.1, 22.1, 1.609347693943108, [21, 23, 21, 21, 22, 25, 24, 23, 21, 23, 22, 20, 23, 23, 20, 21, 20, 20, 24, 25]
2024-10-05 18:44:11 - 2.0, 0.41666666666666663, 2.0, 21.4, 21.4, 1.3564659966250536, [22, 20, 22, 20, 20, 21, 20, 22, 23, 21, 20, 24, 20, 22, 23, 24, 20, 22, 22, 20]
2024-10-05 18:44:42 - 2.0, 0.7333333333333333, 0.1, 42.9, 42.9, 4.2059481689626175, [40, 41, 47, 49, 43, 40, 43, 45, 40, 51, 46, 48, 41, 36, 48, 38, 36, 43, 39, 44]
2024-10-05 18:45:16 - 2.0, 0.7333333333333333, 0.41666666666666663, 37.2, 37.2, 3.9446165846632044, [36, 38, 38, 40, 30, 39, 32, 40, 34, 40, 42, 40, 45, 37, 33, 32, 43, 33, 37, 35]
2024-10-05 18:45:47 - 2.0, 0.7333333333333333, 0.7333333333333333, 23.3, 23.3, 2.491987158875422, [21, 21, 21, 25, 22, 25, 28, 23, 22, 28, 23, 21, 21, 28, 24, 23, 20, 22, 26, 22]
2024-10-05 18:46:19 - 2.0, 0.7333333333333333, 1.05, 21.57894736842105, 21.75, 1.479019945774904, [20, 25, 21, 22, 21, 20, 21, 21, 23, 21, 20, 21, 23, 21, 24, 20, 24, 23, 23, 21]
2024-10-05 18:46:51 - 2.0, 0.7333333333333333, 1.3666666666666667, 21.36842105263158, 21.55, 1.3219304066402287, [20, 22, 21, 22, 20, 21, 21, 20, 22, 21, 21, 21, 23, 21, 22, 20, 23, 25, 21, 24]
2024-10-05 18:47:22 - 2.0, 0.7333333333333333, 1.6833333333333333, 21.45, 21.45, 1.0712142642814275, [22, 21, 22, 23, 21, 20, 20, 21, 23, 21, 23, 21, 20, 23, 21, 23, 20, 21, 21, 22]
2024-10-05 18:47:56 - 2.0, 0.7333333333333333, 2.0, 21.42105263157895, 21.65, 1.9306734576307822, [21, 21, 23, 20, 24, 20, 23, 25, 21, 20, 26, 20, 20, 20, 20, 20, 25, 21, 21, 22]
2024-10-05 18:48:26 - 2.0, 1.05, 0.1, 37.0, 36.6, 3.440930106817051, [39, 43, 34, 33, 37, 43, 35, 36, 35, 39, 39, 35, 29, 37, 36, 36, 36, 32, 36, 42]
2024-10-05 18:48:55 - 2.0, 1.05, 0.41666666666666663, 37.388888888888886, 36.35, 4.639773701378118, [35, 36, 34, 37, 38, 34, 42, 41, 32, 37, 43, 36, 43, 37, 44, 36, 32, 36, 27, 27]
2024-10-05 18:49:25 - 2.0, 1.05, 0.7333333333333333, 21.68421052631579, 21.85, 1.5580436450882884, [20, 23, 23, 24, 20, 21, 22, 22, 25, 20, 21, 20, 22, 24, 23, 21, 24, 21, 20, 21]
2024-10-05 18:49:55 - 2.0, 1.05, 1.05, 20.941176470588236, 21.85, 2.308137777516758, [20, 21, 22, 27, 20, 21, 21, 22, 20, 20, 21, 20, 21, 27, 20, 21, 21, 23, 27, 22]
2024-10-05 18:50:28 - 2.0, 1.05, 1.3666666666666667, 20.789473684210527, 20.95, 1.116915395184434, [21, 21, 20, 20, 20, 20, 22, 21, 20, 20, 21, 22, 21, 24, 20, 20, 23, 20, 22, 21]
2024-10-05 18:51:03 - 2.0, 1.05, 1.6833333333333333, 21.57894736842105, 21.85, 2.006863224038948, [20, 20, 21, 24, 24, 20, 22, 21, 27, 20, 22, 22, 20, 20, 21, 21, 21, 21, 25, 25]
2024-10-05 18:51:45 - 2.0, 1.05, 2.0, 21.526315789473685, 21.7, 1.3820274961085255, [20, 22, 23, 23, 20, 23, 25, 20, 22, 20, 21, 21, 21, 21, 24, 21, 22, 21, 21, 23]
2024-10-05 18:52:21 - 2.0, 1.3666666666666667, 0.1, 34.65, 34.65, 4.574658457196559, [31, 29, 30, 42, 35, 26, 35, 34, 37, 38, 30, 37, 36, 37, 40, 41, 31, 27, 38, 39]
2024-10-05 18:52:59 - 2.0, 1.3666666666666667, 0.41666666666666663, 23.789473684210527, 24.15, 2.920188350089768, [26, 22, 28, 27, 26, 24, 23, 25, 31, 27, 24, 20, 22, 23, 25, 21, 20, 27, 21, 21]
2024-10-05 18:53:38 - 2.0, 1.3666666666666667, 0.7333333333333333, 21.263157894736842, 21.55, 1.6271140095272982, [21, 20, 20, 24, 20, 23, 22, 20, 21, 21, 21, 21, 21, 21, 23, 27, 21, 21, 21, 22]
2024-10-05 18:54:19 - 2.0, 1.3666666666666667, 1.05, 21.42105263157895, 21.6, 1.4966629547095762, [20, 20, 25, 24, 22, 20, 21, 22, 22, 24, 20, 20, 21, 23, 22, 21, 21, 23, 20, 21]
2024-10-05 18:54:59 - 2.0, 1.3666666666666667, 1.3666666666666667, 21.157894736842106, 21.3, 1.0999999999999999, [23, 22, 21, 21, 21, 21, 20, 21, 20, 20, 23, 21, 21, 20, 21, 24, 23, 21, 21, 21]
2024-10-05 18:55:40 - 2.0, 1.3666666666666667, 1.6833333333333333, 21.157894736842106, 21.35, 1.2757350822173075, [21, 21, 23, 20, 21, 21, 20, 22, 20, 21, 21, 21, 25, 22, 20, 23, 21, 23, 21, 20]
2024-10-05 18:56:22 - 2.0, 1.3666666666666667, 2.0, 21.894736842105264, 22.3, 2.3259406699226015, [20, 22, 21, 23, 23, 21, 21, 20, 25, 26, 22, 30, 21, 21, 22, 23, 20, 22, 21, 22]
2024-10-05 18:56:57 - 2.0, 1.6833333333333333, 0.1, 35.8421052631579, 36.45, 5.722543140947038, [36, 30, 37, 34, 35, 36, 35, 27, 46, 26, 31, 37, 35, 39, 41, 34, 38, 48, 47, 37]
2024-10-05 18:57:32 - 2.0, 1.6833333333333333, 0.41666666666666663, 21.68421052631579, 21.95, 2.1324868112136124, [21, 21, 21, 20, 20, 23, 21, 20, 23, 25, 21, 21, 24, 20, 24, 26, 21, 20, 20, 27]
2024-10-05 18:58:07 - 2.0, 1.6833333333333333, 0.7333333333333333, 21.05263157894737, 21.25, 1.2196310917650468, [20, 21, 22, 21, 21, 20, 21, 20, 21, 25, 20, 22, 20, 21, 22, 20, 22, 22, 21, 23]
2024-10-05 18:58:45 - 2.0, 1.6833333333333333, 1.05, 21.42105263157895, 21.6, 1.42828568570857, [20, 23, 21, 20, 23, 20, 21, 21, 22, 22, 21, 23, 23, 21, 21, 20, 20, 24, 21, 25]
2024-10-05 18:59:25 - 2.0, 1.6833333333333333, 1.3666666666666667, 21.210526315789473, 21.4, 1.5620499351813308, [22, 20, 21, 25, 20, 21, 21, 24, 21, 20, 21, 21, 20, 21, 20, 24, 20, 20, 24, 22]
2024-10-05 19:00:08 - 2.0, 1.6833333333333333, 1.6833333333333333, 21.526315789473685, 21.65, 1.0136567466356647, [22, 23, 22, 20, 21, 23, 20, 22, 22, 22, 21, 21, 21, 21, 21, 21, 23, 22, 24, 21]
2024-10-05 19:00:59 - 2.0, 1.6833333333333333, 2.0, 21.555555555555557, 22.15, 2.17428149051589, [24, 23, 23, 20, 27, 22, 28, 20, 21, 21, 21, 24, 21, 21, 20, 21, 21, 20, 22, 23]
2024-10-05 19:01:39 - 2.0, 2.0, 0.1, 20.61111111111111, 20.95, 1.1608186766243898, [21, 21, 20, 21, 21, 20, 20, 21, 20, 20, 21, 20, 20, 21, 21, 24, 21, 20, 22, 24]
2024-10-05 19:02:14 - 2.0, 2.0, 0.41666666666666663, 21.05263157894737, 21.2, 1.16619037896906, [21, 20, 22, 21, 23, 20, 23, 20, 21, 24, 21, 20, 20, 22, 21, 21, 20, 22, 22, 20]
2024-10-05 19:02:56 - 2.0, 2.0, 0.7333333333333333, 21.444444444444443, 21.8, 1.5362291495737217, [20, 22, 24, 23, 22, 21, 20, 21, 25, 20, 21, 21, 24, 21, 21, 21, 25, 21, 21, 22]
2024-10-05 19:03:33 - 2.0, 2.0, 1.05, 21.94736842105263, 22.15, 1.8513508581573617, [24, 26, 23, 25, 21, 22, 21, 24, 20, 20, 24, 24, 21, 23, 23, 20, 21, 20, 21, 20]
2024-10-05 19:04:11 - 2.0, 2.0, 1.3666666666666667, 21.157894736842106, 21.35, 1.1521718621802912, [22, 21, 20, 21, 20, 21, 21, 21, 22, 21, 23, 25, 22, 20, 21, 21, 22, 22, 20, 21]
2024-10-05 19:04:50 - 2.0, 2.0, 1.6833333333333333, 21.8, 21.8, 1.16619037896906, [21, 22, 20, 21, 23, 20, 22, 24, 23, 21, 24, 21, 20, 23, 22, 22, 22, 22, 21, 22]
2024-10-05 19:05:28 - 2.0, 2.0, 2.0, 21.894736842105264, 22.05, 1.2835497652993437, [24, 23, 22, 22, 25, 21, 22, 20, 22, 20, 22, 23, 21, 23, 24, 21, 22, 22, 21, 21]
